<?xml version="1.0" encoding="UTF-8"?>
<!-- Generated by org.testng.reporters.JUnitReportReporter -->
<testsuite hostname="LAPTOP-5VTFGCLM" failures="0" tests="1" name="testscripts.WebElementCommands" time="4.374" errors="0" timestamp="2024-01-03T21:50:50 IST" skipped="0">
  <testcase classname="testscripts.WebElementCommands" name="webElementCommands" time="4.374"/>
</testsuite> <!-- testscripts.WebElementCommands -->
