<?xml version="1.0" encoding="UTF-8"?>
<!-- Generated by org.testng.reporters.JUnitReportReporter -->
<testsuite hostname="LAPTOP-5VTFGCLM" failures="0" tests="2" name="testscripts.Annotations" time="0.008" errors="0" timestamp="2024-01-03T21:37:39 IST" skipped="0">
  <testcase classname="testscripts.Annotations" name="annotation_test2" time="0.002"/>
  <testcase classname="testscripts.Annotations" name="annotation_test" time="0.006"/>
</testsuite> <!-- testscripts.Annotations -->
